2026-01-07T00:10:51.201+0700	INFO	middleware/logging.go:22	Activity route	{"Method": "PUT", "URL": "/api/v2/product/1", "Duration": "69.766ms"}
2026-01-07T00:11:03.009+0700	INFO	middleware/logging.go:22	Activity route	{"Method": "PUT", "URL": "/api/v2/product/3", "Duration": "7.854ms"}
2026-01-07T00:22:56.728+0700	INFO	middleware/logging.go:22	Activity route	{"Method": "GET", "URL": "/api/v2/report", "Duration": "54.5074ms"}
2026-01-07T00:24:21.409+0700	INFO	middleware/logging.go:22	Activity route	{"Method": "POST", "URL": "/api/v2/sale", "Duration": "112.1697ms"}
2026-01-07T00:24:40.675+0700	INFO	middleware/logging.go:22	Activity route	{"Method": "POST", "URL": "/api/v2/sale", "Duration": "4.3328ms"}
2026-01-07T00:24:48.260+0700	INFO	middleware/logging.go:22	Activity route	{"Method": "POST", "URL": "/api/v2/sale", "Duration": "9.273ms"}
2026-01-07T00:25:00.765+0700	INFO	middleware/logging.go:22	Activity route	{"Method": "GET", "URL": "/api/v2/sale?page=1&limit=5", "Duration": "7.4203ms"}
2026-01-07T00:26:01.521+0700	INFO	middleware/logging.go:22	Activity route	{"Method": "GET", "URL": "/api/v2/sale?page=2&limit=5", "Duration": "169.0603ms"}
2026-01-07T00:26:15.327+0700	INFO	middleware/logging.go:22	Activity route	{"Method": "GET", "URL": "/api/v2/sale?page=1&limit=5", "Duration": "2.7892ms"}
2026-01-07T00:26:38.535+0700	INFO	middleware/logging.go:22	Activity route	{"Method": "GET", "URL": "/api/v2/sale?page=1&limit=6", "Duration": "2.4702ms"}
2026-01-07T00:36:03.300+0700	INFO	middleware/logging.go:22	Activity route	{"Method": "GET", "URL": "/api/v2/sale?page=1&limit=5", "Duration": "19.3985ms"}
2026-01-07T00:36:20.887+0700	INFO	middleware/logging.go:22	Activity route	{"Method": "GET", "URL": "/api/v2/sale?page=1&limit=2", "Duration": "2.7227ms"}
2026-01-07T00:36:34.485+0700	INFO	middleware/logging.go:22	Activity route	{"Method": "GET", "URL": "/api/v2/sale?page=1&limit=3", "Duration": "2.2559ms"}
2026-01-07T00:36:49.605+0700	INFO	middleware/logging.go:22	Activity route	{"Method": "GET", "URL": "/api/v2/sale?page=1&limit=1", "Duration": "11.7093ms"}
2026-01-07T00:36:56.881+0700	INFO	middleware/logging.go:22	Activity route	{"Method": "GET", "URL": "/api/v2/sale?page=1&limit=4", "Duration": "2.0768ms"}
2026-01-07T00:37:11.532+0700	INFO	middleware/logging.go:22	Activity route	{"Method": "GET", "URL": "/api/v2/report", "Duration": "4.0619ms"}
2026-01-07T00:40:46.148+0700	INFO	middleware/logging.go:22	Activity route	{"Method": "GET", "URL": "/api/v2/product?page=1&limit=1", "Duration": "64.7712ms"}
2026-01-07T00:40:55.302+0700	INFO	middleware/logging.go:22	Activity route	{"Method": "GET", "URL": "/api/v2/product?page=1&limit=2", "Duration": "3.7056ms"}
2026-01-07T00:57:28.772+0700	INFO	middleware/logging.go:22	Activity route	{"Method": "GET", "URL": "/api/v2/minstock", "Duration": "53.0606ms"}
2026-01-07T00:58:02.464+0700	INFO	middleware/logging.go:22	Activity route	{"Method": "POST", "URL": "/api/v2/product", "Duration": "25.3594ms"}
2026-01-07T00:58:44.056+0700	INFO	middleware/logging.go:22	Activity route	{"Method": "GET", "URL": "/api/v2/minstock", "Duration": "5.2609ms"}
2026-01-07T01:01:02.680+0700	INFO	middleware/logging.go:22	Activity route	{"Method": "GET", "URL": "/api/v2/minstock", "Duration": "6.1906ms"}
2026-01-07T11:09:22.966+0700	INFO	middleware/logging.go:22	Activity route	{"Method": "GET", "URL": "/api/v2/category", "Duration": "256.6924ms"}
2026-01-07T11:09:51.005+0700	INFO	middleware/logging.go:22	Activity route	{"Method": "GET", "URL": "/api/v2/category/2", "Duration": "6.7341ms"}
2026-01-07T11:09:57.206+0700	INFO	middleware/logging.go:22	Activity route	{"Method": "GET", "URL": "/api/v2/category/1", "Duration": "21.4325ms"}
2026-01-07T11:10:01.830+0700	INFO	middleware/logging.go:22	Activity route	{"Method": "GET", "URL": "/api/v2/category/2", "Duration": "2.0944ms"}
2026-01-07T11:10:18.237+0700	INFO	middleware/logging.go:22	Activity route	{"Method": "POST", "URL": "/api/v2/category", "Duration": "11.0753ms"}
2026-01-07T11:10:23.399+0700	INFO	middleware/logging.go:22	Activity route	{"Method": "GET", "URL": "/api/v2/category", "Duration": "1.109ms"}
2026-01-07T11:10:35.988+0700	INFO	middleware/logging.go:22	Activity route	{"Method": "PUT", "URL": "/api/v2/category/5", "Duration": "9.9037ms"}
2026-01-07T11:10:41.523+0700	INFO	middleware/logging.go:22	Activity route	{"Method": "GET", "URL": "/api/v2/category", "Duration": "7.5121ms"}
2026-01-07T11:11:14.920+0700	INFO	middleware/logging.go:22	Activity route	{"Method": "GET", "URL": "/api/v2/warehouse", "Duration": "3.7699ms"}
2026-01-07T11:11:21.093+0700	INFO	middleware/logging.go:22	Activity route	{"Method": "GET", "URL": "/api/v2/warehouse/2", "Duration": "2.2148ms"}
2026-01-07T11:11:32.734+0700	INFO	middleware/logging.go:22	Activity route	{"Method": "GET", "URL": "/api/v2/shelve", "Duration": "9.1395ms"}
2026-01-07T11:11:38.527+0700	INFO	middleware/logging.go:22	Activity route	{"Method": "GET", "URL": "/api/v2/shelve/1", "Duration": "1.2631ms"}
2026-01-07T11:11:43.834+0700	INFO	middleware/logging.go:22	Activity route	{"Method": "GET", "URL": "/api/v2/shelve/2", "Duration": "11.2928ms"}
2026-01-07T11:11:55.670+0700	INFO	middleware/logging.go:22	Activity route	{"Method": "GET", "URL": "/api/v2/user", "Duration": "10.5534ms"}
2026-01-07T11:12:02.925+0700	INFO	middleware/logging.go:22	Activity route	{"Method": "GET", "URL": "/api/v2/user/6", "Duration": "2.0926ms"}
2026-01-07T11:12:07.126+0700	INFO	middleware/logging.go:22	Activity route	{"Method": "GET", "URL": "/api/v2/user/5", "Duration": "2.02ms"}
2026-01-07T11:12:19.732+0700	INFO	middleware/logging.go:22	Activity route	{"Method": "GET", "URL": "/api/v2/product?page=1&limit=2", "Duration": "9.4088ms"}
2026-01-07T11:12:26.283+0700	INFO	middleware/logging.go:22	Activity route	{"Method": "GET", "URL": "/api/v2/product/4", "Duration": "9.314ms"}
2026-01-07T11:12:35.038+0700	INFO	middleware/logging.go:22	Activity route	{"Method": "GET", "URL": "/api/v2/inventory", "Duration": "0s"}
2026-01-07T11:12:55.345+0700	INFO	middleware/logging.go:22	Activity route	{"Method": "GET", "URL": "/api/v2/sale?page=1&limit=4", "Duration": "14.4105ms"}
2026-01-07T11:13:02.185+0700	INFO	middleware/logging.go:22	Activity route	{"Method": "GET", "URL": "/api/v2/sale/1", "Duration": "2.02ms"}
2026-01-07T11:13:07.103+0700	INFO	middleware/logging.go:22	Activity route	{"Method": "GET", "URL": "/api/v2/sale/2", "Duration": "516.8µs"}
2026-01-07T11:13:16.938+0700	INFO	middleware/logging.go:22	Activity route	{"Method": "GET", "URL": "/api/v2/report", "Duration": "14.7772ms"}
2026-01-07T11:13:25.270+0700	INFO	middleware/logging.go:22	Activity route	{"Method": "GET", "URL": "/api/v2/minstock", "Duration": "1.5063ms"}
