2026-01-04T15:33:11.545+0700	INFO	middleware/logging.go:22	Activity route	{"Method": "GET", "URL": "/api/v2/category/2", "Duration": "67.8585ms"}
2026-01-04T15:33:48.674+0700	INFO	middleware/logging.go:22	Activity route	{"Method": "GET", "URL": "/api/v2/category/4", "Duration": "1.0814ms"}
2026-01-04T16:58:41.590+0700	INFO	middleware/logging.go:22	Activity route	{"Method": "GET", "URL": "/api/v2/warehouse", "Duration": "6.4546ms"}
2026-01-04T16:59:42.683+0700	INFO	middleware/logging.go:22	Activity route	{"Method": "GET", "URL": "/api/v2/warehouse/3", "Duration": "4.3273ms"}
2026-01-04T17:00:39.218+0700	INFO	middleware/logging.go:22	Activity route	{"Method": "POST", "URL": "/api/v2/warehouse", "Duration": "11.9605ms"}
2026-01-04T17:00:59.849+0700	INFO	middleware/logging.go:22	Activity route	{"Method": "GET", "URL": "/api/v2/warehouse/1", "Duration": "1.4863ms"}
2026-01-04T17:01:06.551+0700	INFO	middleware/logging.go:22	Activity route	{"Method": "GET", "URL": "/api/v2/warehouse", "Duration": "5.2802ms"}
2026-01-04T17:02:13.363+0700	INFO	middleware/logging.go:22	Activity route	{"Method": "PUT", "URL": "/api/v2/warehouse/1", "Duration": "0s"}
2026-01-04T17:03:12.852+0700	INFO	middleware/logging.go:22	Activity route	{"Method": "PUT", "URL": "/api/v2/warehouse/1", "Duration": "5.5933ms"}
2026-01-04T17:03:52.940+0700	INFO	middleware/logging.go:22	Activity route	{"Method": "DELETE", "URL": "/api/v2/warehouse/2", "Duration": "1.9705ms"}
2026-01-04T17:03:58.492+0700	INFO	middleware/logging.go:22	Activity route	{"Method": "DELETE", "URL": "/api/v2/warehouse/1", "Duration": "5.3845ms"}
2026-01-04T17:04:12.375+0700	INFO	middleware/logging.go:22	Activity route	{"Method": "GET", "URL": "/api/v2/warehouse", "Duration": "1.2232ms"}
2026-01-04T17:04:16.891+0700	INFO	middleware/logging.go:22	Activity route	{"Method": "GET", "URL": "/api/v2/warehouse/1", "Duration": "1.2862ms"}
2026-01-04T17:52:59.336+0700	INFO	middleware/logging.go:22	Activity route	{"Method": "PUT", "URL": "/api/v2/warehouse/1", "Duration": "23.0321ms"}
2026-01-04T17:57:57.686+0700	INFO	middleware/logging.go:22	Activity route	{"Method": "PUT", "URL": "/api/v2/warehouse/1", "Duration": "8.1698ms"}
2026-01-04T18:02:34.458+0700	INFO	middleware/logging.go:22	Activity route	{"Method": "PUT", "URL": "/api/v2/warehouse/1", "Duration": "6.6243ms"}
2026-01-04T18:07:14.470+0700	INFO	middleware/logging.go:22	Activity route	{"Method": "PUT", "URL": "/api/v2/warehouse/1", "Duration": "6.9272ms"}
2026-01-04T18:08:42.623+0700	INFO	middleware/logging.go:22	Activity route	{"Method": "GET", "URL": "/api/v2/warehouse/1", "Duration": "6.4953ms"}
2026-01-04T18:08:49.161+0700	INFO	middleware/logging.go:22	Activity route	{"Method": "GET", "URL": "/api/v2/warehouse/1", "Duration": "780.6µs"}
2026-01-04T18:10:22.117+0700	INFO	middleware/logging.go:22	Activity route	{"Method": "GET", "URL": "/api/v2/category/4", "Duration": "8.3967ms"}
2026-01-04T18:13:08.159+0700	INFO	middleware/logging.go:22	Activity route	{"Method": "GET", "URL": "/api/v2/warehouse/1", "Duration": "1.1474ms"}
2026-01-04T18:13:15.041+0700	INFO	middleware/logging.go:22	Activity route	{"Method": "GET", "URL": "/api/v2/warehouse", "Duration": "2.5278ms"}
2026-01-04T18:13:30.959+0700	INFO	middleware/logging.go:22	Activity route	{"Method": "GET", "URL": "/api/v2/category/3", "Duration": "4.0072ms"}
2026-01-04T18:14:08.170+0700	INFO	middleware/logging.go:22	Activity route	{"Method": "GET", "URL": "/api/v2/warehouse", "Duration": "517.3µs"}
2026-01-04T18:20:10.420+0700	INFO	middleware/logging.go:22	Activity route	{"Method": "POST", "URL": "/api/v2/warehouse", "Duration": "17.7117ms"}
2026-01-04T18:20:18.334+0700	INFO	middleware/logging.go:22	Activity route	{"Method": "GET", "URL": "/api/v2/warehouse/2", "Duration": "3.4684ms"}
2026-01-04T18:21:12.798+0700	INFO	middleware/logging.go:22	Activity route	{"Method": "PUT", "URL": "/api/v2/warehouse/2", "Duration": "14.8881ms"}
2026-01-04T18:21:41.914+0700	INFO	middleware/logging.go:22	Activity route	{"Method": "PUT", "URL": "/api/v2/warehouse/2", "Duration": "2.4512ms"}
2026-01-04T18:56:02.930+0700	INFO	middleware/logging.go:22	Activity route	{"Method": "POST", "URL": "/api/v2/category", "Duration": "9.3125ms"}
2026-01-04T18:56:43.340+0700	INFO	middleware/logging.go:22	Activity route	{"Method": "PUT", "URL": "/api/v2/category/4", "Duration": "11.7348ms"}
2026-01-04T18:56:57.692+0700	INFO	middleware/logging.go:22	Activity route	{"Method": "PUT", "URL": "/api/v2/category/1", "Duration": "511.6µs"}
2026-01-04T20:29:37.574+0700	INFO	middleware/logging.go:22	Activity route	{"Method": "GET", "URL": "/api/v2/shelve", "Duration": "539.1µs"}
2026-01-04T20:31:41.496+0700	INFO	middleware/logging.go:22	Activity route	{"Method": "GET", "URL": "/api/v2/shelve", "Duration": "6.801ms"}
2026-01-04T20:34:45.045+0700	INFO	middleware/logging.go:22	Activity route	{"Method": "GET", "URL": "/api/v2/shelve", "Duration": "7.6192ms"}
2026-01-04T20:37:05.239+0700	INFO	middleware/logging.go:22	Activity route	{"Method": "GET", "URL": "/api/v2/shelve", "Duration": "9.6988ms"}
2026-01-04T20:37:33.166+0700	INFO	middleware/logging.go:22	Activity route	{"Method": "GET", "URL": "/api/v2/shelve", "Duration": "6.7172ms"}
2026-01-04T20:38:26.665+0700	INFO	middleware/logging.go:22	Activity route	{"Method": "GET", "URL": "/api/v2/shelve", "Duration": "8.2319ms"}
2026-01-04T20:38:29.275+0700	INFO	middleware/logging.go:22	Activity route	{"Method": "GET", "URL": "/api/v2/shelve", "Duration": "1.2759ms"}
2026-01-04T20:39:45.070+0700	INFO	middleware/logging.go:22	Activity route	{"Method": "GET", "URL": "/api/v2/shelve", "Duration": "11.9238ms"}
2026-01-04T20:39:47.049+0700	INFO	middleware/logging.go:22	Activity route	{"Method": "GET", "URL": "/api/v2/shelve", "Duration": "1.093ms"}
2026-01-04T20:43:29.398+0700	INFO	middleware/logging.go:22	Activity route	{"Method": "GET", "URL": "/api/v2/shelve", "Duration": "7.6125ms"}
2026-01-04T20:47:00.681+0700	INFO	middleware/logging.go:22	Activity route	{"Method": "GET", "URL": "/api/v2/shelve/2", "Duration": "9.1587ms"}
2026-01-04T20:47:05.969+0700	INFO	middleware/logging.go:22	Activity route	{"Method": "GET", "URL": "/api/v2/shelve/1", "Duration": "1.3533ms"}
2026-01-04T20:48:44.183+0700	INFO	middleware/logging.go:22	Activity route	{"Method": "POST", "URL": "/api/v2/shelve", "Duration": "0s"}
2026-01-04T20:49:14.732+0700	INFO	middleware/logging.go:22	Activity route	{"Method": "POST", "URL": "/api/v2/shelve", "Duration": "1.539ms"}
2026-01-04T20:49:26.470+0700	INFO	middleware/logging.go:22	Activity route	{"Method": "GET", "URL": "/api/v2/warehouse", "Duration": "3.3253ms"}
2026-01-04T20:49:45.243+0700	INFO	middleware/logging.go:22	Activity route	{"Method": "POST", "URL": "/api/v2/shelve", "Duration": "7.4868ms"}
2026-01-04T20:50:25.354+0700	INFO	middleware/logging.go:22	Activity route	{"Method": "PUT", "URL": "/api/v2/warehouse/2", "Duration": "9.5403ms"}
2026-01-04T20:50:55.301+0700	INFO	middleware/logging.go:22	Activity route	{"Method": "PUT", "URL": "/api/v2/warehouse/2", "Duration": "5.1906ms"}
2026-01-04T20:51:18.397+0700	INFO	middleware/logging.go:22	Activity route	{"Method": "PUT", "URL": "/api/v2/shelve/2", "Duration": "6.0685ms"}
2026-01-04T20:52:06.592+0700	INFO	middleware/logging.go:22	Activity route	{"Method": "GET", "URL": "/api/v2/shelve", "Duration": "2.4836ms"}
2026-01-04T20:52:12.858+0700	INFO	middleware/logging.go:22	Activity route	{"Method": "DELETE", "URL": "/api/v2/shelve/1", "Duration": "4.2278ms"}
2026-01-04T20:52:19.700+0700	INFO	middleware/logging.go:22	Activity route	{"Method": "GET", "URL": "/api/v2/shelve", "Duration": "993.5µs"}
