2026-01-06T10:26:12.008+0700	INFO	middleware/logging.go:22	Activity route	{"Method": "GET", "URL": "/api/v2/product?page=1&limit=5", "Duration": "16.9868ms"}
2026-01-06T10:26:47.475+0700	INFO	middleware/logging.go:22	Activity route	{"Method": "GET", "URL": "/api/v2/product/1", "Duration": "5.4668569s"}
2026-01-06T10:27:18.341+0700	INFO	middleware/logging.go:22	Activity route	{"Method": "GET", "URL": "/api/v2/product/3", "Duration": "3.0076ms"}
2026-01-06T10:29:06.555+0700	INFO	middleware/logging.go:22	Activity route	{"Method": "GET", "URL": "/api/v2/product?page=1&limit=5", "Duration": "4.1785ms"}
2026-01-06T10:32:22.220+0700	INFO	middleware/logging.go:22	Activity route	{"Method": "GET", "URL": "/api/v2/product?page=1&limit=5", "Duration": "25.1911ms"}
2026-01-06T10:32:27.996+0700	INFO	middleware/logging.go:22	Activity route	{"Method": "GET", "URL": "/api/v2/product/3", "Duration": "6.4183ms"}
2026-01-06T10:32:49.262+0700	INFO	middleware/logging.go:22	Activity route	{"Method": "GET", "URL": "/api/v2/user", "Duration": "7.7276ms"}
2026-01-06T10:36:17.696+0700	INFO	middleware/logging.go:22	Activity route	{"Method": "PUT", "URL": "/api/v2/product/1", "Duration": "1.9629ms"}
2026-01-06T10:41:16.664+0700	INFO	middleware/logging.go:22	Activity route	{"Method": "GET", "URL": "/api/v2/product?page=1&limit=5", "Duration": "4.3011ms"}
2026-01-06T10:47:33.667+0700	INFO	middleware/logging.go:22	Activity route	{"Method": "GET", "URL": "/api/v2/product?page=1&limit=5", "Duration": "43.5038ms"}
2026-01-06T10:47:41.691+0700	INFO	middleware/logging.go:22	Activity route	{"Method": "GET", "URL": "/api/v2/product/3", "Duration": "2.9669ms"}
2026-01-06T10:49:05.444+0700	INFO	middleware/logging.go:22	Activity route	{"Method": "POST", "URL": "/api/v2/product", "Duration": "31.4715ms"}
2026-01-06T10:49:22.614+0700	INFO	middleware/logging.go:22	Activity route	{"Method": "GET", "URL": "/api/v2/product/4", "Duration": "11.2685ms"}
2026-01-06T10:49:37.333+0700	INFO	middleware/logging.go:22	Activity route	{"Method": "PUT", "URL": "/api/v2/product/4", "Duration": "1.5123ms"}
2026-01-06T10:49:52.509+0700	INFO	middleware/logging.go:22	Activity route	{"Method": "PUT", "URL": "/api/v2/product/4", "Duration": "17.687ms"}
2026-01-06T10:49:58.316+0700	INFO	middleware/logging.go:22	Activity route	{"Method": "PUT", "URL": "/api/v2/product/4", "Duration": "17.9137ms"}
2026-01-06T10:50:04.206+0700	INFO	middleware/logging.go:22	Activity route	{"Method": "GET", "URL": "/api/v2/product/4", "Duration": "1.5415ms"}
2026-01-06T15:07:53.116+0700	INFO	middleware/logging.go:22	Activity route	{"Method": "GET", "URL": "/api/v2/sale", "Duration": "0s"}
2026-01-06T15:08:22.127+0700	INFO	middleware/logging.go:22	Activity route	{"Method": "GET", "URL": "/api/v2/sale?page=1&limit=5", "Duration": "12.3256ms"}
2026-01-06T15:08:42.224+0700	INFO	middleware/logging.go:22	Activity route	{"Method": "GET", "URL": "/api/v2/sale/1", "Duration": "9.4363ms"}
2026-01-06T15:12:17.764+0700	INFO	middleware/logging.go:22	Activity route	{"Method": "POST", "URL": "/api/v2/sale", "Duration": "28.9115ms"}
2026-01-06T22:42:14.927+0700	INFO	middleware/logging.go:22	Activity route	{"Method": "POST", "URL": "/api/v2/sale", "Duration": "204.7618ms"}
2026-01-06T22:43:16.518+0700	INFO	middleware/logging.go:22	Activity route	{"Method": "POST", "URL": "/api/v2/sale", "Duration": "28.4109ms"}
2026-01-06T22:43:30.620+0700	INFO	middleware/logging.go:22	Activity route	{"Method": "GET", "URL": "/api/v2/sale/1", "Duration": "5.3678ms"}
2026-01-06T22:45:02.191+0700	INFO	middleware/logging.go:22	Activity route	{"Method": "GET", "URL": "/api/v2/sale/1", "Duration": "13.3041ms"}
2026-01-06T22:45:15.613+0700	INFO	middleware/logging.go:22	Activity route	{"Method": "GET", "URL": "/api/v2/sale?page=1&limit=5", "Duration": "5.4625ms"}
2026-01-06T22:52:02.626+0700	INFO	middleware/logging.go:22	Activity route	{"Method": "PUT", "URL": "/api/v2/sale/1", "Duration": "313.0956ms"}
2026-01-06T22:54:38.373+0700	INFO	middleware/logging.go:22	Activity route	{"Method": "PUT", "URL": "/api/v2/sale/1", "Duration": "54.0784ms"}
2026-01-06T23:03:15.208+0700	INFO	middleware/logging.go:22	Activity route	{"Method": "PUT", "URL": "/api/v2/sale/1", "Duration": "66.0582ms"}
2026-01-06T23:03:53.849+0700	INFO	middleware/logging.go:22	Activity route	{"Method": "PUT", "URL": "/api/v2/sale/1", "Duration": "18.4755ms"}
2026-01-06T23:18:24.488+0700	INFO	middleware/logging.go:22	Activity route	{"Method": "PUT", "URL": "/api/v2/sale/1", "Duration": "100.3797ms"}
2026-01-06T23:23:58.024+0700	INFO	middleware/logging.go:22	Activity route	{"Method": "PUT", "URL": "/api/v2/sale/1", "Duration": "28.452ms"}
2026-01-06T23:26:33.494+0700	INFO	middleware/logging.go:22	Activity route	{"Method": "PUT", "URL": "/api/v2/sale/1", "Duration": "81.7903ms"}
2026-01-06T23:26:54.476+0700	INFO	middleware/logging.go:22	Activity route	{"Method": "PUT", "URL": "/api/v2/sale/1", "Duration": "67.8643ms"}
2026-01-06T23:27:15.319+0700	INFO	middleware/logging.go:22	Activity route	{"Method": "PUT", "URL": "/api/v2/sale/1", "Duration": "5.5499ms"}
2026-01-06T23:27:32.472+0700	INFO	middleware/logging.go:22	Activity route	{"Method": "GET", "URL": "/api/v2/sale?page=1&limit=5", "Duration": "10.3113ms"}
2026-01-06T23:27:53.610+0700	INFO	middleware/logging.go:22	Activity route	{"Method": "GET", "URL": "/api/v2/sale/1", "Duration": "2.6917ms"}
2026-01-06T23:28:07.458+0700	INFO	middleware/logging.go:22	Activity route	{"Method": "PUT", "URL": "/api/v2/sale/1", "Duration": "254.4443ms"}
2026-01-06T23:28:17.902+0700	INFO	middleware/logging.go:22	Activity route	{"Method": "PUT", "URL": "/api/v2/sale/1", "Duration": "10.4394ms"}
2026-01-06T23:28:34.092+0700	INFO	middleware/logging.go:22	Activity route	{"Method": "PUT", "URL": "/api/v2/sale/1", "Duration": "8.2448ms"}
2026-01-06T23:30:57.236+0700	INFO	middleware/logging.go:22	Activity route	{"Method": "DELETE", "URL": "/api/v2/sale/1", "Duration": "5.0828ms"}
