2026-01-05T00:02:23.757+0700	INFO	middleware/logging.go:22	Activity route	{"Method": "GET", "URL": "/api/v2/product", "Duration": "9.8443ms"}
2026-01-05T00:03:00.846+0700	INFO	middleware/logging.go:22	Activity route	{"Method": "GET", "URL": "/api/v2/product/1", "Duration": "4.0285ms"}
2026-01-05T00:03:37.142+0700	INFO	middleware/logging.go:22	Activity route	{"Method": "PUT", "URL": "/api/v2/product/2", "Duration": "123.3278ms"}
2026-01-05T00:04:21.561+0700	INFO	middleware/logging.go:22	Activity route	{"Method": "PUT", "URL": "/api/v2/product/2", "Duration": "10.0565ms"}
2026-01-05T00:05:11.052+0700	INFO	middleware/logging.go:22	Activity route	{"Method": "DELETE", "URL": "/api/v2/product/2", "Duration": "4.5657ms"}
2026-01-05T00:10:32.896+0700	INFO	middleware/logging.go:22	Activity route	{"Method": "PUT", "URL": "/api/v2/product/2", "Duration": "13.134ms"}
2026-01-05T00:10:47.218+0700	INFO	middleware/logging.go:22	Activity route	{"Method": "PUT", "URL": "/api/v2/product/2", "Duration": "1.517ms"}
2026-01-05T00:11:07.356+0700	INFO	middleware/logging.go:22	Activity route	{"Method": "PUT", "URL": "/api/v2/product/1", "Duration": "4.0089ms"}
2026-01-05T00:11:17.265+0700	INFO	middleware/logging.go:22	Activity route	{"Method": "PUT", "URL": "/api/v2/product/1", "Duration": "10.0482ms"}
2026-01-05T00:11:30.753+0700	INFO	middleware/logging.go:22	Activity route	{"Method": "POST", "URL": "/api/v2/product", "Duration": "57.7809ms"}
2026-01-05T00:11:43.263+0700	INFO	middleware/logging.go:22	Activity route	{"Method": "POST", "URL": "/api/v2/product", "Duration": "9.9982ms"}
2026-01-05T00:47:49.765+0700	INFO	middleware/logging.go:22	Activity route	{"Method": "GET", "URL": "/api/v2/product", "Duration": "0s"}
2026-01-05T00:50:14.622+0700	ERROR	repository/product.go:38	error query findall repo 	{"error": "ERROR: relation \"assignments\" does not exist (SQLSTATE 42P01)"}
2026-01-05T00:50:14.622+0700	INFO	middleware/logging.go:22	Activity route	{"Method": "GET", "URL": "/api/v2/product?page=1&limit=5", "Duration": "2.6486ms"}
2026-01-05T00:50:31.123+0700	ERROR	repository/product.go:38	error query findall repo 	{"error": "ERROR: relation \"assignments\" does not exist (SQLSTATE 42P01)"}
2026-01-05T00:50:31.125+0700	INFO	middleware/logging.go:22	Activity route	{"Method": "GET", "URL": "/api/v2/product?page=1&limit=2", "Duration": "4.0192ms"}
2026-01-05T00:50:52.068+0700	INFO	middleware/logging.go:22	Activity route	{"Method": "GET", "URL": "/api/v2/product/1", "Duration": "11.4207ms"}
2026-01-05T00:53:06.096+0700	INFO	middleware/logging.go:22	Activity route	{"Method": "GET", "URL": "/api/v2/product?page=1&limit=5", "Duration": "17.6918ms"}
2026-01-05T08:50:57.462+0700	INFO	middleware/logging.go:22	Activity route	{"Method": "GET", "URL": "/api/v2/shelve", "Duration": "7.6771ms"}
2026-01-05T09:22:38.342+0700	INFO	middleware/logging.go:22	Activity route	{"Method": "GET", "URL": "/api/v2/inventory", "Duration": "21.7895ms"}
2026-01-05T09:23:46.381+0700	INFO	middleware/logging.go:22	Activity route	{"Method": "GET", "URL": "/api/v2/inventory", "Duration": "9.0497ms"}
2026-01-05T09:24:19.806+0700	INFO	middleware/logging.go:22	Activity route	{"Method": "GET", "URL": "/api/v2/inventory/1", "Duration": "44.8722ms"}
2026-01-05T09:26:14.629+0700	INFO	middleware/logging.go:22	Activity route	{"Method": "POST", "URL": "/api/v2/inventory", "Duration": "41.4288ms"}
2026-01-05T09:26:47.569+0700	INFO	middleware/logging.go:22	Activity route	{"Method": "GET", "URL": "/api/v2/inventory/1", "Duration": "11.4895ms"}
2026-01-05T09:26:57.578+0700	INFO	middleware/logging.go:22	Activity route	{"Method": "GET", "URL": "/api/v2/inventory", "Duration": "2.722ms"}
2026-01-05T09:27:46.965+0700	INFO	middleware/logging.go:22	Activity route	{"Method": "PUT", "URL": "/api/v2/inventory/2", "Duration": "1.0716ms"}
2026-01-05T09:27:52.667+0700	INFO	middleware/logging.go:22	Activity route	{"Method": "PUT", "URL": "/api/v2/inventory/1", "Duration": "10.5737ms"}
2026-01-05T09:28:24.569+0700	INFO	middleware/logging.go:22	Activity route	{"Method": "PUT", "URL": "/api/v2/inventory/1", "Duration": "144.0544ms"}
2026-01-05T09:28:57.519+0700	INFO	middleware/logging.go:22	Activity route	{"Method": "PUT", "URL": "/api/v2/inventory/1", "Duration": "73.9286ms"}
2026-01-05T09:29:30.539+0700	INFO	middleware/logging.go:22	Activity route	{"Method": "GET", "URL": "/api/v2/inventory", "Duration": "2.5079ms"}
2026-01-05T09:29:36.039+0700	INFO	middleware/logging.go:22	Activity route	{"Method": "GET", "URL": "/api/v2/inventory/1", "Duration": "1.1678ms"}
2026-01-05T09:29:55.091+0700	INFO	middleware/logging.go:22	Activity route	{"Method": "DELETE", "URL": "/api/v2/inventory/1", "Duration": "3.8909ms"}
2026-01-05T09:30:23.433+0700	INFO	middleware/logging.go:22	Activity route	{"Method": "DELETE", "URL": "/api/v2/inventory/1", "Duration": "296.3471ms"}
2026-01-05T09:30:41.350+0700	INFO	middleware/logging.go:22	Activity route	{"Method": "GET", "URL": "/api/v2/inventory", "Duration": "7.1667ms"}
2026-01-05T09:30:47.406+0700	INFO	middleware/logging.go:22	Activity route	{"Method": "GET", "URL": "/api/v2/inventory/1", "Duration": "2.649ms"}
2026-01-05T09:31:29.519+0700	INFO	middleware/logging.go:22	Activity route	{"Method": "POST", "URL": "/api/v2/inventory", "Duration": "23.9938ms"}
2026-01-05T09:31:42.728+0700	INFO	middleware/logging.go:22	Activity route	{"Method": "POST", "URL": "/api/v2/inventory", "Duration": "3.1644ms"}
2026-01-05T09:31:55.094+0700	INFO	middleware/logging.go:22	Activity route	{"Method": "POST", "URL": "/api/v2/inventory", "Duration": "1.5756ms"}
2026-01-05T09:32:31.443+0700	INFO	middleware/logging.go:22	Activity route	{"Method": "PUT", "URL": "/api/v2/inventory/1", "Duration": "1.9615ms"}
2026-01-05T09:32:41.312+0700	INFO	middleware/logging.go:22	Activity route	{"Method": "PUT", "URL": "/api/v2/inventory/1", "Duration": "1.5705ms"}
2026-01-05T09:32:57.175+0700	INFO	middleware/logging.go:22	Activity route	{"Method": "PUT", "URL": "/api/v2/inventory/1", "Duration": "1.8893ms"}
2026-01-05T09:33:02.713+0700	INFO	middleware/logging.go:22	Activity route	{"Method": "PUT", "URL": "/api/v2/inventory/1", "Duration": "514.1µs"}
2026-01-05T09:33:19.712+0700	INFO	middleware/logging.go:22	Activity route	{"Method": "GET", "URL": "/api/v2/shelve", "Duration": "1.5372ms"}
2026-01-05T09:33:30.387+0700	INFO	middleware/logging.go:22	Activity route	{"Method": "PUT", "URL": "/api/v2/inventory/1", "Duration": "3.3182ms"}
2026-01-05T09:33:39.221+0700	INFO	middleware/logging.go:22	Activity route	{"Method": "GET", "URL": "/api/v2/product?page=1&limit=5", "Duration": "4.3449ms"}
2026-01-05T09:33:51.154+0700	INFO	middleware/logging.go:22	Activity route	{"Method": "PUT", "URL": "/api/v2/inventory/1", "Duration": "1.796ms"}
2026-01-05T09:33:58.605+0700	INFO	middleware/logging.go:22	Activity route	{"Method": "PUT", "URL": "/api/v2/inventory/2", "Duration": "4.8567ms"}
2026-01-05T09:34:06.589+0700	INFO	middleware/logging.go:22	Activity route	{"Method": "PUT", "URL": "/api/v2/inventory/2", "Duration": "3.5912ms"}
2026-01-05T09:34:15.084+0700	INFO	middleware/logging.go:22	Activity route	{"Method": "PUT", "URL": "/api/v2/inventory/2", "Duration": "11.9236ms"}
